<?xml version="1.0" encoding="UTF-8" ?>
<testsuite tests="10" failures="0" name="com.jpmc.rakesh.messageprocessing.MessageTypeThreeTest" time="0" errors="0" skipped="0">
  <properties>
[...]
</properties>
  <testcase classname="com.jpmc.rakesh.messageprocessing.MessageTypeThreeTest" name="TestValidMessageTypeThree1" time="0"/>
  <testcase classname="com.jpmc.rakesh.messageprocessing.MessageTypeThreeTest" name="TestValidMessageTypeThree2" time="0"/>
  <testcase classname="com.jpmc.rakesh.messageprocessing.MessageTypeThreeTest" name="TestValidMessageTypeThree3" time="0"/>
  <testcase classname="com.jpmc.rakesh.messageprocessing.MessageTypeThreeTest" name="TestValidMessageTypeThree4" time="0"/>
  <testcase classname="com.jpmc.rakesh.messageprocessing.MessageTypeThreeTest" name="TestValidMessageTypeThree5" time="0"/>
  <testcase classname="com.jpmc.rakesh.messageprocessing.MessageTypeThreeTest" name="TestValidMessageTypeThree6" time="0"/>
  <testcase classname="com.jpmc.rakesh.messageprocessing.MessageTypeThreeTest" name="TestValidMessageTypeThree7" time="0"/>
  <testcase classname="com.jpmc.rakesh.messageprocessing.MessageTypeThreeTest" name="TestMessageTypeThree1" time="0"/>
  <testcase classname="com.jpmc.rakesh.messageprocessing.MessageTypeThreeTest" name="TestMessageTypeThree2" time="0"/>
  <testcase classname="com.jpmc.rakesh.messageprocessing.MessageTypeThreeTest" name="TestMessageTypeThree3" time="0"/>
</testsuite>